<?xml version="1.0" encoding="UTF-8"?>
<!-- Generated by org.testng.reporters.JUnitReportReporter -->
<testsuite hostname="Zafrins-MacBook-Air.local" failures="0" tests="1" name="BrowserCommands.getCurrentTitle" time="5.278" errors="0" timestamp="2025-02-06T00:35:17 BDT" skipped="0">
  <testcase classname="BrowserCommands.getCurrentTitle" name="getCurrentURL" time="5.278"/>
</testsuite> <!-- BrowserCommands.getCurrentTitle -->
