<?xml version="1.0" encoding="UTF-8"?>
<!-- Generated by org.testng.reporters.JUnitReportReporter -->
<testsuite hostname="Zafrins-MacBook-Air.local" failures="0" tests="2" name="BrowserCommands.GetTitle" time="3.102" errors="0" timestamp="2025-02-06T00:33:45 BDT" skipped="0">
  <testcase classname="BrowserCommands.GetTitle" name="OpenUrl" time="3.073"/>
  <testcase classname="BrowserCommands.GetTitle" name="compareTitle" time="0.029"/>
</testsuite> <!-- BrowserCommands.GetTitle -->
