<?xml version="1.0" encoding="UTF-8"?>
<!-- Generated by org.testng.reporters.JUnitReportReporter -->
<testsuite hostname="Zafrins-MacBook-Air.local" failures="0" tests="2" name="WebElement_Locators.LocateByID" time="1.580" errors="0" timestamp="2025-02-02T23:20:10 BDT" skipped="0">
  <testcase classname="WebElement_Locators.LocateByID" name="OpenUrl" time="0.722"/>
  <testcase classname="WebElement_Locators.LocateByID" name="LocateById" time="0.858"/>
</testsuite> <!-- WebElement_Locators.LocateByID -->
