<?xml version="1.0" encoding="UTF-8"?>
<!-- Generated by org.testng.reporters.JUnitReportReporter -->
<testsuite hostname="Zafrins-MacBook-Air.local" failures="0" tests="2" name="WebElement_Locators.LocateByName" time="1.837" errors="0" timestamp="2025-02-02T23:22:34 BDT" skipped="0">
  <testcase classname="WebElement_Locators.LocateByName" name="LocateById" time="0.749"/>
  <testcase classname="WebElement_Locators.LocateByName" name="OpenUrl" time="1.088"/>
</testsuite> <!-- WebElement_Locators.LocateByName -->
