<?xml version="1.0" encoding="UTF-8"?>
<!-- Generated by org.testng.reporters.JUnitReportReporter -->
<testsuite hostname="Zafrins-MacBook-Air.local" failures="0" tests="1" name="WebPages.Navigation" time="411.978" errors="0" timestamp="2025-02-05T19:38:22 BDT" skipped="0">
  <testcase classname="WebPages.Navigation" name="sendKeys" time="411.978"/>
</testsuite> <!-- WebPages.Navigation -->
