<?xml version="1.0" encoding="UTF-8"?>
<!-- Generated by org.testng.reporters.JUnitReportReporter -->
<testsuite hostname="Zafrins-MacBook-Air.local" failures="0" tests="4" name="InteractingWithWebElement.WebElementExamples" time="29.512" errors="0" timestamp="2025-02-03T23:42:22 BDT" skipped="0">
  <testcase classname="InteractingWithWebElement.WebElementExamples" name="sendKeys" time="5.726"/>
  <testcase classname="InteractingWithWebElement.WebElementExamples" name="clear" time="13.349"/>
  <testcase classname="InteractingWithWebElement.WebElementExamples" name="click" time="5.378"/>
  <testcase classname="InteractingWithWebElement.WebElementExamples" name="getAttribute" time="5.059"/>
</testsuite> <!-- InteractingWithWebElement.WebElementExamples -->
